
[2022-11-18 11:54:51] error Error in products.services get by IDTypeError: Cannot convert undefined or null to object
[2022-11-18 11:56:06] error Error in products.services get by IDTypeError: Cannot convert undefined or null to object
[2022-11-18 12:19:57] error Error in products.services get by IDTypeError: Cannot convert undefined or null to object
[2022-11-21 09:01:38] error Error in getProductsController TypeError: Cannot read properties of undefined (reading 'filename') 
[2022-11-21 09:08:21] error Error in getProductsController ValidationError: description: Path `description` is required. 
[2022-11-21 09:10:40] error Error in getProductsController TypeError: Cannot read properties of undefined (reading 'filename') 
[2022-11-24 16:48:35] error Error in getProductsController TypeError: Cannot read properties of undefined (reading 'filename') 
[2022-11-24 17:03:01] error Error in getProductsController TypeError: Cannot read properties of undefined (reading 'filename') 
[2022-11-24 17:40:24] error Error in PostProductsController TypeError: Cannot read properties of undefined (reading 'filename') 
[2022-11-24 17:41:08] error Error in PostProductsController TypeError: Cannot read properties of undefined (reading 'filename') 
[2022-11-24 17:41:42] error Error in PostProductsController TypeError: Cannot read properties of undefined (reading 'filename') 
[2022-11-24 17:52:02] error Error in PostProductsController TypeError: Cannot read properties of undefined (reading 'filename') 
[2022-11-24 17:55:24] error Error in PostProductsController TypeError: Cannot read properties of undefined (reading 'filename') 
[2022-11-29 07:49:12] error Error in mongoose connect Error: MongoParseError: option usecreateindex is not supported
[2022-11-29 07:49:12] error Error in mongoose connect Error: MongoParseError: option usecreateindex is not supported
[2022-11-29 07:49:12] error Error in mongoose connect Error: MongoParseError: option usecreateindex is not supported
[2022-11-29 07:50:27] error Error in mongoose connect Error: MongoParseError: option usecreateindex is not supported
[2022-11-29 07:50:27] error Error in mongoose connect Error: MongoParseError: option usecreateindex is not supported
[2022-11-29 07:50:27] error Error in mongoose connect Error: MongoParseError: option usecreateindex is not supported
[2022-11-29 07:54:23] error Error in mongoose connect Error: MongoParseError: option usecreateindex is not supported
[2022-11-29 07:54:23] error Error in mongoose connect Error: MongoParseError: option usecreateindex is not supported
[2022-11-29 07:54:23] error Error in mongoose connect Error: MongoParseError: option usecreateindex is not supported
[2022-11-29 08:31:39] error Error in mongoose connect Error: MongooseError: The `uri` parameter to `openUri()` must be a string, got "undefined". Make sure the first parameter to `mongoose.connect()` or `mongoose.createConnection()` is a string.
[2022-11-29 08:31:39] error Error in mongoose connect Error: MongooseError: The `uri` parameter to `openUri()` must be a string, got "undefined". Make sure the first parameter to `mongoose.connect()` or `mongoose.createConnection()` is a string.
[2022-11-29 08:31:39] error Error in mongoose connect Error: MongooseError: The `uri` parameter to `openUri()` must be a string, got "undefined". Make sure the first parameter to `mongoose.connect()` or `mongoose.createConnection()` is a string.
[2022-11-29 08:33:37] error Error in  loginController Error: secretOrPrivateKey must have a value 
[2022-11-29 18:55:56] error Error in  loginController ReferenceError: loginUser is not defined 
[2022-11-29 18:56:40] error Error in  loginController ReferenceError: loginUser is not defined 
[2022-12-05 08:30:21] error Error in deleteProductByIdInCartController CastError: Cast to ObjectId failed for value "{}" (type Object) at path "_id" for model "products" 
[2022-12-05 08:37:46] error Error in deleteProductByIdInCartController CastError: Cast to ObjectId failed for value "{}" (type Object) at path "_id" for model "products" 
[2022-12-05 08:39:04] error Error in deleteProductByIdInCartController CastError: Cast to ObjectId failed for value "{ product: '636abdd855a702ed60316a7d' }" (type Object) at path "_id" for model "products" 
[2022-12-05 09:00:20] error Error in deleteProductByIdInCartController ReferenceError: addProduct is not defined 
[2022-12-05 09:01:10] error Error in deleteProductByIdInCartController ReferenceError: addProduct is not defined 
[2022-12-05 09:20:17] error Error in deleteProductByIdInCartController ReferenceError: newData is not defined 
[2022-12-05 12:57:26] error Error in saveOrderController ReferenceError: result is not defined 
[2022-12-05 13:41:08] error Error in saveOrderController ValidationError: buyerAddress: Path `buyerAddress` is required. 
[2022-12-05 13:59:00] error Error in getByOrderNroController ReferenceError: result is not defined 
[2022-12-05 13:59:10] error Error in getByOrderNroController ReferenceError: result is not defined 
[2022-12-05 13:59:12] error Error in getByOrderNroController ReferenceError: result is not defined 
[2022-12-05 14:05:02] error Error in getByOrderNroController ReferenceError: result is not defined 
[2022-12-05 14:11:20] error Error in saveOrderController ValidationError: orderNro: Path `orderNro` is required. 
[2022-12-05 14:14:17] error Error in saveOrderController ReferenceError: orderNro is not defined 
[2022-12-05 14:20:00] error Error in saveOrderController MongoServerError: E11000 duplicate key error collection: proyectov2.orders index: orderNro_1 dup key: { orderNro: 1 } 
[2022-12-05 14:37:13] error Error in saveOrderController ReferenceError: counter is not defined 
[2022-12-05 14:44:56] error Error in saveOrderController MongoServerError: E11000 duplicate key error collection: proyectov2.orders index: orderNro_1 dup key: { orderNro: 1 } 
[2022-12-05 14:49:45] error Error in saveOrderController MongoServerError: E11000 duplicate key error collection: proyectov2.orders index: orderNro_1 dup key: { orderNro: 4 } 
[2022-12-06 07:57:41] error Error in saveOrderController TypeError: Cannot read properties of undefined (reading 'orderNro') 
[2022-12-06 07:59:20] error Error in saveOrderController TypeError: Cannot read properties of undefined (reading 'orderNro') 
[2022-12-06 08:01:37] error Error in saveOrderController TypeError: Cannot read properties of undefined (reading 'orderNro') 
[2022-12-06 08:03:46] error Error in saveOrderController TypeError: Cannot read properties of undefined (reading 'orderNro') 
[2022-12-06 08:04:32] error Error in saveOrderController TypeError: Cannot read properties of undefined (reading 'orderNro') 
[2022-12-06 08:05:05] error Error in saveOrderController TypeError: Cannot read properties of undefined (reading 'orderNro') 
[2022-12-06 08:05:43] error Error in saveOrderController TypeError: Cannot read properties of undefined (reading 'orderNro') 
[2022-12-06 08:06:08] error Error in saveOrderController TypeError: Cannot read properties of undefined (reading 'orderNro') 
[2022-12-06 08:07:12] error Error in saveOrderController TypeError: Cannot read properties of undefined (reading 'orderNro') 
[2022-12-06 08:07:33] error Error in saveOrderController ValidationError: orderNro: Path `orderNro` is required. 
[2022-12-06 08:08:04] error Error in saveOrderController MongoServerError: E11000 duplicate key error collection: proyectov2.orders index: orderNro_1 dup key: { orderNro: 0 } 
[2022-12-06 08:09:04] error Error in saveOrderController MongoServerError: E11000 duplicate key error collection: proyectov2.orders index: orderNro_1 dup key: { orderNro: 0 } 
[2022-12-09 11:33:13] error Error in mongoose connect Error: MongooseError: The `uri` parameter to `openUri()` must be a string, got "undefined". Make sure the first parameter to `mongoose.connect()` or `mongoose.createConnection()` is a string.
[2022-12-09 11:33:13] error Error in mongoose connect Error: MongooseError: The `uri` parameter to `openUri()` must be a string, got "undefined". Make sure the first parameter to `mongoose.connect()` or `mongoose.createConnection()` is a string.
[2022-12-09 11:33:13] error Error in mongoose connect Error: MongooseError: The `uri` parameter to `openUri()` must be a string, got "undefined". Make sure the first parameter to `mongoose.connect()` or `mongoose.createConnection()` is a string.
[2022-12-09 11:33:13] error Error in mongoose connect Error: MongooseError: The `uri` parameter to `openUri()` must be a string, got "undefined". Make sure the first parameter to `mongoose.connect()` or `mongoose.createConnection()` is a string.
[2022-12-09 11:38:16] error Error in mongoose connect Error: MongooseError: The `uri` parameter to `openUri()` must be a string, got "undefined". Make sure the first parameter to `mongoose.connect()` or `mongoose.createConnection()` is a string.
[2022-12-09 11:38:16] error Error in mongoose connect Error: MongooseError: The `uri` parameter to `openUri()` must be a string, got "undefined". Make sure the first parameter to `mongoose.connect()` or `mongoose.createConnection()` is a string.
[2022-12-09 11:38:16] error Error in mongoose connect Error: MongooseError: The `uri` parameter to `openUri()` must be a string, got "undefined". Make sure the first parameter to `mongoose.connect()` or `mongoose.createConnection()` is a string.
[2022-12-09 11:38:16] error Error in mongoose connect Error: MongooseError: The `uri` parameter to `openUri()` must be a string, got "undefined". Make sure the first parameter to `mongoose.connect()` or `mongoose.createConnection()` is a string.
[2022-12-09 11:39:33] error Error in mongoose connect Error: MongooseError: The `uri` parameter to `openUri()` must be a string, got "undefined". Make sure the first parameter to `mongoose.connect()` or `mongoose.createConnection()` is a string.
[2022-12-09 11:39:33] error Error in mongoose connect Error: MongooseError: The `uri` parameter to `openUri()` must be a string, got "undefined". Make sure the first parameter to `mongoose.connect()` or `mongoose.createConnection()` is a string.
[2022-12-09 11:39:33] error Error in mongoose connect Error: MongooseError: The `uri` parameter to `openUri()` must be a string, got "undefined". Make sure the first parameter to `mongoose.connect()` or `mongoose.createConnection()` is a string.
[2022-12-09 11:39:33] error Error in mongoose connect Error: MongooseError: The `uri` parameter to `openUri()` must be a string, got "undefined". Make sure the first parameter to `mongoose.connect()` or `mongoose.createConnection()` is a string.
[2022-12-09 11:41:32] error Error in mongoose connect Error: MongooseError: The `uri` parameter to `openUri()` must be a string, got "undefined". Make sure the first parameter to `mongoose.connect()` or `mongoose.createConnection()` is a string.
[2022-12-09 11:41:32] error Error in mongoose connect Error: MongooseError: The `uri` parameter to `openUri()` must be a string, got "undefined". Make sure the first parameter to `mongoose.connect()` or `mongoose.createConnection()` is a string.
[2022-12-09 11:41:32] error Error in mongoose connect Error: MongooseError: The `uri` parameter to `openUri()` must be a string, got "undefined". Make sure the first parameter to `mongoose.connect()` or `mongoose.createConnection()` is a string.
[2022-12-09 11:41:33] error Error in mongoose connect Error: MongooseError: The `uri` parameter to `openUri()` must be a string, got "undefined". Make sure the first parameter to `mongoose.connect()` or `mongoose.createConnection()` is a string.
[2022-12-09 11:55:57] error Error in mongoose connect Error: MongooseError: The `uri` parameter to `openUri()` must be a string, got "undefined". Make sure the first parameter to `mongoose.connect()` or `mongoose.createConnection()` is a string.
[2022-12-09 11:55:57] error Error in mongoose connect Error: MongooseError: The `uri` parameter to `openUri()` must be a string, got "undefined". Make sure the first parameter to `mongoose.connect()` or `mongoose.createConnection()` is a string.
[2022-12-09 11:55:57] error Error in mongoose connect Error: MongooseError: The `uri` parameter to `openUri()` must be a string, got "undefined". Make sure the first parameter to `mongoose.connect()` or `mongoose.createConnection()` is a string.
[2022-12-09 11:55:57] error Error in mongoose connect Error: MongooseError: The `uri` parameter to `openUri()` must be a string, got "undefined". Make sure the first parameter to `mongoose.connect()` or `mongoose.createConnection()` is a string.
[2022-12-10 17:21:35] error Error in getUsersController TypeError: Cannot read properties of undefined (reading 'users') 
[2022-12-10 17:21:52] error Error in getCartsController TypeError: Cannot read properties of undefined (reading 'carts') 
[2022-12-10 17:22:01] error Error in getProductsController TypeError: Cannot read properties of undefined (reading 'products') 
[2022-12-10 17:39:14] error Error in getProductsController ReferenceError: dao is not defined 
[2022-12-10 17:40:31] error Error in getProductsController TypeError: Cannot read properties of undefined (reading 'products') 
[2022-12-10 17:46:58] error Error in getProductsController TypeError: Cannot read properties of undefined (reading 'products') 
[2022-12-10 17:50:32] error Error in getProductsController TypeError: Cannot read properties of undefined (reading 'products') 
[2022-12-10 17:51:59] error Error in getProductsController TypeError: Cannot read properties of undefined (reading 'products') 
[2022-12-10 17:52:17] error Error in getProductsController TypeError: Cannot read properties of undefined (reading 'products') 
[2022-12-10 17:53:47] error Error in getProductsController TypeError: Cannot read properties of undefined (reading 'products') 
[2022-12-10 17:54:26] error Error in getProductsController TypeError: Cannot read properties of undefined (reading 'products') 
[2022-12-10 18:02:51] error Error in getProductsController TypeError: Cannot read properties of undefined (reading 'products') 
[2022-12-10 18:03:53] error Error in getProductsController TypeError: Cannot read properties of undefined (reading 'products') 
[2022-12-10 18:05:53] error Error in getProductsController TypeError: Cannot read properties of undefined (reading 'products') 
[2022-12-10 18:06:08] error Error in getProductsController TypeError: Cannot read properties of undefined (reading 'products') 
[2022-12-10 18:06:46] error Error in getProductsController TypeError: Cannot read properties of undefined (reading 'products') 
[2022-12-10 18:17:02] error Error in getProductsController TypeError: Cannot read properties of undefined (reading 'products') 
[2022-12-10 18:17:11] error Error in getUsersController TypeError: Cannot read properties of undefined (reading 'users') 
[2022-12-10 18:17:20] error Error in getCartsController TypeError: Cannot read properties of undefined (reading 'carts') 
[2022-12-10 18:17:27] error Error in getOrdersController TypeError: Cannot read properties of undefined (reading 'orders') 
[2022-12-10 18:20:40] error Error in getProductsController TypeError: Cannot read properties of undefined (reading 'products') 
[2022-12-10 18:21:07] error Error in getProductsController TypeError: Cannot read properties of undefined (reading 'products') 
[2022-12-11 11:55:27] error Error in updateProductController MongoServerError: Performing an update on the path '_id' would modify the immutable field '_id' 
[2022-12-11 11:56:46] error Error in updateProductController MongoServerError: Performing an update on the path '_id' would modify the immutable field '_id' 
[2022-12-11 11:57:24] error Error in updateProductController MongoServerError: Performing an update on the path '_id' would modify the immutable field '_id' 
[2022-12-11 12:29:11] error Error in addProductInCartContoller ReferenceError: getProductById is not defined 
[2022-12-11 12:29:13] error Error in addProductInCartContoller ReferenceError: getProductById is not defined 
[2022-12-11 12:29:15] error Error in addProductInCartContoller ReferenceError: getProductById is not defined 
[2022-12-11 12:32:48] error Error in addProductInCartContoller ReferenceError: getProductById is not defined 
[2022-12-11 12:36:03] error Error in addProductInCartContoller ReferenceError: getProductById is not defined 
[2022-12-11 13:06:36] error Error in addProductInCartContoller MongoServerError: Performing an update on the path '_id' would modify the immutable field '_id' 
[2022-12-11 13:19:44] error Error in addProductInCartContoller MongoServerError: Performing an update on the path '_id' would modify the immutable field '_id' 
[2022-12-11 13:20:37] error Error in addProductInCartContoller MongoServerError: Performing an update on the path '_id' would modify the immutable field '_id' 
[2022-12-11 13:23:23] error Error in addProductInCartContoller MongoServerError: Performing an update on the path '_id' would modify the immutable field '_id' 
[2022-12-11 13:23:49] error Error in addProductInCartContoller MongoServerError: Performing an update on the path '_id' would modify the immutable field '_id' 
[2022-12-11 13:26:13] error Error in addProductInCartContoller MongoServerError: Performing an update on the path '_id' would modify the immutable field '_id' 
[2022-12-11 13:36:46] error Error in addProductInCartContoller CastError: Cast to ObjectId failed for value "{ '$eq': '6395e29b82f8799b87027560' }" (type Object) at path "_id" because of "BSONTypeError" 
[2022-12-11 13:42:22] error Error in addProductInCartContoller CastError: Cast to ObjectId failed for value "{ '$eq': '6395e29b82f8799b87027560' }" (type Object) at path "_id" because of "BSONTypeError" 
[2022-12-11 13:50:10] error Error in addProductInCartContoller MongoServerError: Performing an update on the path '_id' would modify the immutable field '_id' 
[2022-12-11 13:51:25] error Error in addProductInCartContoller MongoServerError: Performing an update on the path '_id' would modify the immutable field '_id' 
[2022-12-11 13:51:30] error Error in addProductInCartContoller MongoServerError: Performing an update on the path '_id' would modify the immutable field '_id' 
[2022-12-11 13:52:19] error Error in addProductInCartContoller MongoServerError: Performing an update on the path '_id' would modify the immutable field '_id' 
[2022-12-11 14:02:38] error Error in addProductInCartContoller ReferenceError: ObjectId is not defined 
[2022-12-11 14:03:09] error Error in addProductInCartContoller MongoServerError: Performing an update on the path '_id' would modify the immutable field '_id' 
[2022-12-11 14:03:55] error Error in addProductInCartContoller MongoServerError: Performing an update on the path '_id' would modify the immutable field '_id' 
[2022-12-11 14:40:28] error Error in addProductInCartContoller MongoServerError: Performing an update on the path '_id' would modify the immutable field '_id' 
[2022-12-11 14:48:57] error Error in addProductInCartContoller Error: Entity does not exist 
[2022-12-11 14:51:43] error Error in getProductsInCartController TypeError: getByIdAndPopulate is not a function 
[2022-12-11 14:55:48] error Error in getProductsInCartController TypeError: getByIdAndPopulate is not a function 
[2022-12-11 14:57:11] error Error in saveOrderController TypeError: this.dao.findOne.limit is not a function 
[2022-12-11 17:55:10] error Error in addProductInCartContoller ReferenceError: trimID is not defined 
[2022-12-11 17:55:12] error Error in addProductInCartContoller ReferenceError: trimID is not defined 
[2022-12-11 17:55:14] error Error in addProductInCartContoller ReferenceError: trimID is not defined 
[2022-12-11 17:56:44] error Error in saveOrderController TypeError: this.getLast is not a function 
[2022-12-11 18:06:28] error Error in saveOrderController TypeError: Cannot read properties of undefined (reading 'orders') 
[2022-12-11 18:08:27] error Error in saveOrderController TypeError: Cannot read properties of undefined (reading 'orders') 
[2022-12-11 18:09:10] error Error in saveOrderController TypeError: Cannot read properties of undefined (reading 'orders') 
[2022-12-11 18:10:46] error Error in saveOrderController TypeError: Cannot read properties of undefined (reading 'orders') 
[2022-12-11 18:14:20] error Error in saveOrderController TypeError: Cannot read properties of undefined (reading 'orders') 
[2022-12-11 18:15:24] error Error in saveOrderController TypeError: Cannot read properties of undefined (reading 'orders') 
[2022-12-11 18:16:34] error Error in saveOrderController TypeError: Cannot read properties of undefined (reading 'orders') 
